#
# There is insufficient memory for the Java Runtime Environment to continue.
# Native memory allocation (malloc) failed to allocate 32744 bytes for ChunkPool::allocate
# Possible reasons:
#   The system is out of physical RAM or swap space
#   In 32 bit mode, the process size limit was hit
# Possible solutions:
#   Reduce memory load on the system
#   Increase physical memory or swap space
#   Check if swap backing store is full
#   Use 64 bit Java on a 64 bit OS
#   Decrease Java heap size (-Xmx/-Xms)
#   Decrease number of Java threads
#   Decrease Java thread stack sizes (-Xss)
#   Set larger code cache with -XX:ReservedCodeCacheSize=
# This output file may be truncated or incomplete.
#
#  Out of Memory Error (allocation.cpp:273), pid=5820, tid=0x00000000000032dc
#
# JRE version: OpenJDK Runtime Environment (8.0_152-b01) (build 1.8.0_152-release-1343-b01)
# Java VM: OpenJDK 64-Bit Server VM (25.152-b01 mixed mode windows-amd64 compressed oops)
# Failed to write core dump. Minidumps are not enabled by default on client versions of Windows
#

---------------  T H R E A D  ---------------

Current thread (0x00000000156fe000):  JavaThread "C1 CompilerThread1" daemon [_thread_in_native, id=13020, stack(0x0000000016830000,0x0000000016930000)]

Stack: [0x0000000016830000,0x0000000016930000]
[error occurred during error reporting (printing stack bounds), id 0xc0000005]

Native frames: (J=compiled Java code, j=interpreted, Vv=VM code, C=native code)


Current CompileTask:
C1:1022867 4654       3       java.io.WinNTFileSystem::canonicalize (372 bytes)


---------------  P R O C E S S  ---------------

Java Threads: ( => current thread )
  0x00000000185c2000 JavaThread "Build operations Thread 2" [_thread_blocked, id=9212, stack(0x000000001d060000,0x000000001d160000)]
  0x00000000185c0000 JavaThread "Build operations" [_thread_in_native, id=12948, stack(0x000000001ce40000,0x000000001cf40000)]
  0x00000000185c3000 JavaThread "Cache worker for Artifact transforms cache (C:\Users\LENOVO\.gradle\caches\transforms-1)" [_thread_blocked, id=4512, stack(0x000000001b450000,0x000000001b550000)]
  0x00000000185f8000 JavaThread "Cache worker for file hash cache (C:\Users\LENOVO\AndroidStudioProjects\CGPSCGURU\.gradle\4.6\fileHashes)" [_thread_blocked, id=8032, stack(0x000000001ab50000,0x000000001ac50000)]
  0x000000001801f000 JavaThread "File lock request listener" [_thread_in_native, id=5992, stack(0x000000001aa50000,0x000000001ab50000)]
  0x0000000017dce800 JavaThread "Cache worker for file hash cache (C:\Users\LENOVO\.gradle\caches\4.6\fileHashes)" [_thread_blocked, id=3300, stack(0x0000000019980000,0x0000000019a80000)]
  0x000000001718f800 JavaThread "Asynchronous log dispatcher for DefaultDaemonConnection: socket connection from /127.0.0.1:51403 to /127.0.0.1:51404" [_thread_blocked, id=7140, stack(0x0000000019580000,0x0000000019680000)]
  0x00000000171a1800 JavaThread "Daemon worker" [_thread_in_native, id=11700, stack(0x0000000019480000,0x0000000019580000)]
  0x00000000171a0800 JavaThread "Cancel handler" [_thread_blocked, id=4208, stack(0x0000000019380000,0x0000000019480000)]
  0x0000000017108800 JavaThread "Handler for socket connection from /127.0.0.1:51403 to /127.0.0.1:51404" [_thread_in_native, id=8448, stack(0x0000000019080000,0x0000000019180000)]
  0x0000000016cb3800 JavaThread "Daemon" [_thread_blocked, id=5528, stack(0x0000000018f80000,0x0000000019080000)]
  0x0000000016bfb800 JavaThread "Daemon periodic checks" [_thread_in_native, id=5520, stack(0x0000000018e80000,0x0000000018f80000)]
  0x0000000017345000 JavaThread "Incoming local TCP Connector on port 51403" [_thread_in_native, id=13048, stack(0x0000000018c40000,0x0000000018d40000)]
  0x0000000015765000 JavaThread "Service Thread" daemon [_thread_blocked, id=1680, stack(0x0000000016930000,0x0000000016a30000)]
=>0x00000000156fe000 JavaThread "C1 CompilerThread1" daemon [_thread_in_native, id=13020, stack(0x0000000016830000,0x0000000016930000)]
  0x00000000156f7800 JavaThread "C2 CompilerThread0" daemon [_thread_blocked, id=10664, stack(0x0000000016730000,0x0000000016830000)]
  0x0000000015704800 JavaThread "Attach Listener" daemon [_thread_blocked, id=5376, stack(0x0000000016630000,0x0000000016730000)]
  0x0000000015701800 JavaThread "Signal Dispatcher" daemon [_thread_blocked, id=2864, stack(0x0000000016530000,0x0000000016630000)]
  0x000000000317a000 JavaThread "Finalizer" daemon [_thread_blocked, id=2224, stack(0x0000000016340000,0x0000000016440000)]
  0x0000000003170000 JavaThread "Reference Handler" daemon [_thread_blocked, id=12452, stack(0x0000000016240000,0x0000000016340000)]
  0x000000000326e800 JavaThread "main" [_thread_blocked, id=8048, stack(0x0000000002ed0000,0x0000000002fd0000)]

Other Threads:
  0x00000000156c4800 VMThread [stack: 0x0000000016140000,0x0000000016240000] [id=10900]
  0x0000000015770000 WatcherThread [stack: 0x0000000016a30000,0x0000000016b30000] [id=1980]

VM state:not at safepoint (normal execution)

VM Mutex/Monitor currently owned by a thread: None

Heap:
 PSYoungGen      total 184832K, used 105167K [0x00000000eab00000, 0x00000000f6a80000, 0x0000000100000000)
  eden space 174592K, 60% used [0x00000000eab00000,0x00000000f11b3c08,0x00000000f5580000)
  from space 10240K, 0% used [0x00000000f5f80000,0x00000000f5f80000,0x00000000f6980000)
  to   space 10240K, 0% used [0x00000000f5580000,0x00000000f5580000,0x00000000f5f80000)
 ParOldGen       total 53248K, used 17709K [0x00000000c0000000, 0x00000000c3400000, 0x00000000eab00000)
  object space 53248K, 33% used [0x00000000c0000000,0x00000000c114b690,0x00000000c3400000)
 Metaspace       used 38715K, capacity 39526K, committed 39768K, reserved 1083392K
  class space    used 5161K, capacity 5438K, committed 5504K, reserved 1048576K

Card table byte_map: [0x0000000012630000,0x0000000012840000] byte_map_base: 0x0000000012030000

Marking Bits: (ParMarkBitMap*) 0x0000000068355aa0
 Begin Bits: [0x0000000012ba0000, 0x0000000013ba0000)
 End Bits:   [0x0000000013ba0000, 0x0000000014ba0000)

Polling page: 0x0000000001220000

CodeCache: size=245760Kb used=13639Kb max_used=13639Kb free=232120Kb
 bounds [0x0000000003270000, 0x0000000003fe0000, 0x0000000012270000]
 total_blobs=4704 nmethods=3985 adapters=632
 compilation: enabled

Compilation events (10 events):
Event: 1022.100 Thread 0x00000000156fe000 nmethod 4649 0x0000000003fcd8d0 code [0x0000000003fcda20, 0x0000000003fcdb70]
Event: 1022.387 Thread 0x00000000156fe000 4650       3       org.gradle.cache.internal.DefaultFileLockManager$DefaultFileLock::assertOpenAndIntegral (41 bytes)
Event: 1022.395 Thread 0x00000000156fe000 nmethod 4650 0x0000000003fd34d0 code [0x0000000003fd3740, 0x0000000003fd4728]
Event: 1022.489 Thread 0x00000000156fe000 4651       3       org.gradle.internal.serialize.InputStreamBackedDecoder::readString (8 bytes)
Event: 1022.490 Thread 0x00000000156fe000 nmethod 4651 0x0000000003fd3010 code [0x0000000003fd3180, 0x0000000003fd33e8]
Event: 1022.522 Thread 0x00000000156fe000 4652       3       org.gradle.cache.internal.DefaultFileLockManager$DefaultFileLock::readFile (11 bytes)
Event: 1022.529 Thread 0x00000000156fe000 nmethod 4652 0x0000000003fd2b50 code [0x0000000003fd2cc0, 0x0000000003fd2f18]
Event: 1022.533 Thread 0x00000000156fe000 4653       1       org.gradle.cache.internal.DefaultFileLockManager$DefaultFileLock::access$600 (5 bytes)
Event: 1022.534 Thread 0x00000000156fe000 nmethod 4653 0x0000000003fd2890 code [0x0000000003fd29e0, 0x0000000003fd2ad0]
Event: 1022.534 Thread 0x00000000156fe000 4654       3       java.io.WinNTFileSystem::canonicalize (372 bytes)

GC Heap History (10 events):
Event: 23.907 GC heap before
{Heap before GC invocations=10 (full 1):
 PSYoungGen      total 102400K, used 102369K [0x00000000eab00000, 0x00000000f2c80000, 0x0000000100000000)
  eden space 95232K, 100% used [0x00000000eab00000,0x00000000f0800000,0x00000000f0800000)
  from space 7168K, 99% used [0x00000000f2580000,0x00000000f2c78420,0x00000000f2c80000)
  to   space 9216K, 0% used [0x00000000f1a80000,0x00000000f1a80000,0x00000000f2380000)
 ParOldGen       total 35840K, used 11968K [0x00000000c0000000, 0x00000000c2300000, 0x00000000eab00000)
  object space 35840K, 33% used [0x00000000c0000000,0x00000000c0bb01e0,0x00000000c2300000)
 Metaspace       used 28883K, capacity 29360K, committed 29696K, reserved 1075200K
  class space    used 3920K, capacity 4085K, committed 4096K, reserved 1048576K
Event: 23.951 GC heap after
Heap after GC invocations=10 (full 1):
 PSYoungGen      total 123392K, used 9200K [0x00000000eab00000, 0x00000000f4080000, 0x0000000100000000)
  eden space 114176K, 0% used [0x00000000eab00000,0x00000000eab00000,0x00000000f1a80000)
  from space 9216K, 99% used [0x00000000f1a80000,0x00000000f237c060,0x00000000f2380000)
  to   space 11264K, 0% used [0x00000000f3580000,0x00000000f3580000,0x00000000f4080000)
 ParOldGen       total 35840K, used 13570K [0x00000000c0000000, 0x00000000c2300000, 0x00000000eab00000)
  object space 35840K, 37% used [0x00000000c0000000,0x00000000c0d40868,0x00000000c2300000)
 Metaspace       used 28883K, capacity 29360K, committed 29696K, reserved 1075200K
  class space    used 3920K, capacity 4085K, committed 4096K, reserved 1048576K
}
Event: 27.901 GC heap before
{Heap before GC invocations=11 (full 1):
 PSYoungGen      total 123392K, used 123376K [0x00000000eab00000, 0x00000000f4080000, 0x0000000100000000)
  eden space 114176K, 100% used [0x00000000eab00000,0x00000000f1a80000,0x00000000f1a80000)
  from space 9216K, 99% used [0x00000000f1a80000,0x00000000f237c060,0x00000000f2380000)
  to   space 11264K, 0% used [0x00000000f3580000,0x00000000f3580000,0x00000000f4080000)
 ParOldGen       total 35840K, used 13570K [0x00000000c0000000, 0x00000000c2300000, 0x00000000eab00000)
  object space 35840K, 37% used [0x00000000c0000000,0x00000000c0d40868,0x00000000c2300000)
 Metaspace       used 28943K, capacity 29424K, committed 29696K, reserved 1075200K
  class space    used 3927K, capacity 4085K, committed 4096K, reserved 1048576K
Event: 27.933 GC heap after
Heap after GC invocations=11 (full 1):
 PSYoungGen      total 142336K, used 5920K [0x00000000eab00000, 0x00000000f5700000, 0x0000000100000000)
  eden space 131072K, 0% used [0x00000000eab00000,0x00000000eab00000,0x00000000f2b00000)
  from space 11264K, 52% used [0x00000000f3580000,0x00000000f3b48050,0x00000000f4080000)
  to   space 10752K, 0% used [0x00000000f2b00000,0x00000000f2b00000,0x00000000f3580000)
 ParOldGen       total 35840K, used 16974K [0x00000000c0000000, 0x00000000c2300000, 0x00000000eab00000)
  object space 35840K, 47% used [0x00000000c0000000,0x00000000c1093a58,0x00000000c2300000)
 Metaspace       used 28943K, capacity 29424K, committed 29696K, reserved 1075200K
  class space    used 3927K, capacity 4085K, committed 4096K, reserved 1048576K
}
Event: 32.860 GC heap before
{Heap before GC invocations=12 (full 1):
 PSYoungGen      total 142336K, used 136992K [0x00000000eab00000, 0x00000000f5700000, 0x0000000100000000)
  eden space 131072K, 100% used [0x00000000eab00000,0x00000000f2b00000,0x00000000f2b00000)
  from space 11264K, 52% used [0x00000000f3580000,0x00000000f3b48050,0x00000000f4080000)
  to   space 10752K, 0% used [0x00000000f2b00000,0x00000000f2b00000,0x00000000f3580000)
 ParOldGen       total 35840K, used 16974K [0x00000000c0000000, 0x00000000c2300000, 0x00000000eab00000)
  object space 35840K, 47% used [0x00000000c0000000,0x00000000c1093a58,0x00000000c2300000)
 Metaspace       used 32169K, capacity 32846K, committed 33024K, reserved 1077248K
  class space    used 4305K, capacity 4540K, committed 4608K, reserved 1048576K
Event: 32.886 GC heap after
Heap after GC invocations=12 (full 1):
 PSYoungGen      total 141824K, used 5532K [0x00000000eab00000, 0x00000000f6980000, 0x0000000100000000)
  eden space 131072K, 0% used [0x00000000eab00000,0x00000000eab00000,0x00000000f2b00000)
  from space 10752K, 51% used [0x00000000f2b00000,0x00000000f30671f8,0x00000000f3580000)
  to   space 10240K, 0% used [0x00000000f5f80000,0x00000000f5f80000,0x00000000f6980000)
 ParOldGen       total 35840K, used 17455K [0x00000000c0000000, 0x00000000c2300000, 0x00000000eab00000)
  object space 35840K, 48% used [0x00000000c0000000,0x00000000c110bed8,0x00000000c2300000)
 Metaspace       used 32169K, capacity 32846K, committed 33024K, reserved 1077248K
  class space    used 4305K, capacity 4540K, committed 4608K, reserved 1048576K
}
Event: 37.925 GC heap before
{Heap before GC invocations=13 (full 1):
 PSYoungGen      total 141824K, used 53357K [0x00000000eab00000, 0x00000000f6980000, 0x0000000100000000)
  eden space 131072K, 36% used [0x00000000eab00000,0x00000000ed9b4490,0x00000000f2b00000)
  from space 10752K, 51% used [0x00000000f2b00000,0x00000000f30671f8,0x00000000f3580000)
  to   space 10240K, 0% used [0x00000000f5f80000,0x00000000f5f80000,0x00000000f6980000)
 ParOldGen       total 35840K, used 17455K [0x00000000c0000000, 0x00000000c2300000, 0x00000000eab00000)
  object space 35840K, 48% used [0x00000000c0000000,0x00000000c110bed8,0x00000000c2300000)
 Metaspace       used 34621K, capacity 35294K, committed 35416K, reserved 1079296K
  class space    used 4713K, capacity 4952K, committed 4992K, reserved 1048576K
Event: 37.984 GC heap after
Heap after GC invocations=13 (full 1):
 PSYoungGen      total 184832K, used 4629K [0x00000000eab00000, 0x00000000f6a80000, 0x0000000100000000)
  eden space 174592K, 0% used [0x00000000eab00000,0x00000000eab00000,0x00000000f5580000)
  from space 10240K, 45% used [0x00000000f5f80000,0x00000000f6405668,0x00000000f6980000)
  to   space 10240K, 0% used [0x00000000f5580000,0x00000000f5580000,0x00000000f5f80000)
 ParOldGen       total 35840K, used 20715K [0x00000000c0000000, 0x00000000c2300000, 0x00000000eab00000)
  object space 35840K, 57% used [0x00000000c0000000,0x00000000c143af28,0x00000000c2300000)
 Metaspace       used 34621K, capacity 35294K, committed 35416K, reserved 1079296K
  class space    used 4713K, capacity 4952K, committed 4992K, reserved 1048576K
}
Event: 37.985 GC heap before
{Heap before GC invocations=14 (full 2):
 PSYoungGen      total 184832K, used 4629K [0x00000000eab00000, 0x00000000f6a80000, 0x0000000100000000)
  eden space 174592K, 0% used [0x00000000eab00000,0x00000000eab00000,0x00000000f5580000)
  from space 10240K, 45% used [0x00000000f5f80000,0x00000000f6405668,0x00000000f6980000)
  to   space 10240K, 0% used [0x00000000f5580000,0x00000000f5580000,0x00000000f5f80000)
 ParOldGen       total 35840K, used 20715K [0x00000000c0000000, 0x00000000c2300000, 0x00000000eab00000)
  object space 35840K, 57% used [0x00000000c0000000,0x00000000c143af28,0x00000000c2300000)
 Metaspace       used 34621K, capacity 35294K, committed 35416K, reserved 1079296K
  class space    used 4713K, capacity 4952K, committed 4992K, reserved 1048576K
Event: 38.270 GC heap after
Heap after GC invocations=14 (full 2):
 PSYoungGen      total 184832K, used 0K [0x00000000eab00000, 0x00000000f6a80000, 0x0000000100000000)
  eden space 174592K, 0% used [0x00000000eab00000,0x00000000eab00000,0x00000000f5580000)
  from space 10240K, 0% used [0x00000000f5f80000,0x00000000f5f80000,0x00000000f6980000)
  to   space 10240K, 0% used [0x00000000f5580000,0x00000000f5580000,0x00000000f5f80000)
 ParOldGen       total 53248K, used 17709K [0x00000000c0000000, 0x00000000c3400000, 0x00000000eab00000)
  object space 53248K, 33% used [0x00000000c0000000,0x00000000c114b690,0x00000000c3400000)
 Metaspace       used 34551K, capacity 35138K, committed 35416K, reserved 1079296K
  class space    used 4693K, capacity 4900K, committed 4992K, reserved 1048576K
}

Deoptimization events (10 events):
Event: 79.233 Thread 0x00000000171a1800 Uncommon trap: reason=class_check action=maybe_recompile pc=0x00000000035930e8 method=com.google.common.base.Equivalence$Equals.doEquivalent(Ljava/lang/Object;Ljava/lang/Object;)Z @ 2
Event: 79.857 Thread 0x00000000171a1800 Uncommon trap: reason=class_check action=maybe_recompile pc=0x0000000003bf0970 method=java.lang.StringCoding.encode(Ljava/nio/charset/Charset;[CII)[B @ 1
Event: 80.181 Thread 0x00000000171a1800 Uncommon trap: reason=unstable_if action=reinterpret pc=0x0000000003f42f1c method=sun.security.ssl.InputRecord.read(Ljava/io/InputStream;Ljava/io/OutputStream;)V @ 72
Event: 80.181 Thread 0x00000000171a1800 Uncommon trap: reason=unstable_if action=reinterpret pc=0x0000000003f33d9c method=sun.security.ssl.InputRecord.decrypt(Lsun/security/ssl/Authenticator;Lsun/security/ssl/CipherBox;)V @ 6
Event: 80.243 Thread 0x00000000171a1800 Uncommon trap: reason=unstable_if action=reinterpret pc=0x0000000003ee133c method=java.security.MessageDigest.isEqual([B[B)Z @ 12
Event: 80.702 Thread 0x00000000171a1800 Uncommon trap: reason=unstable_if action=reinterpret pc=0x0000000003f38c68 method=javax.crypto.Cipher.init(ILjava/security/Key;Ljava/security/spec/AlgorithmParameterSpec;Ljava/security/SecureRandom;)V @ 13
Event: 80.703 Thread 0x00000000171a1800 Uncommon trap: reason=unstable_if action=reinterpret pc=0x000000000344017c method=java.util.regex.Pattern.inRange(III)Z @ 7
Event: 80.703 Thread 0x00000000171a1800 Uncommon trap: reason=unstable_if action=reinterpret pc=0x0000000003eba400 method=java.util.regex.Pattern.inRange(III)Z @ 7
Event: 80.703 Thread 0x00000000171a1800 Uncommon trap: reason=unstable_if action=reinterpret pc=0x0000000003eba400 method=java.util.regex.Pattern.inRange(III)Z @ 7
Event: 80.703 Thread 0x00000000171a1800 Uncommon trap: reason=bimorphic action=maybe_recompile pc=0x0000000003ee68bc method=java.util.regex.Pattern$GroupTail.match(Ljava/util/regex/Matcher;ILjava/lang/CharSequence;)Z @ 70

Classes redefined (0 events):
No events

Internal exceptions (10 events):
Event: 34.346 Thread 0x00000000171a1800 Exception <a 'java/lang/ClassNotFoundException': org/gradle/api/internal/DefaultDomainObjectCollectionCustomizer> (0x00000000ec043e38) thrown at [D:\src\AOSP-openjdk-cygwin\jdk8u\hotspot\src\share\vm\classfile\systemDictionary.cpp, line 210]
Event: 34.406 Thread 0x00000000171a1800 Exception <a 'java/lang/ClassNotFoundException': org/gradle/api/internal/DefaultNamedDomainObjectCollectionCustomizer> (0x00000000ec09aa28) thrown at [D:\src\AOSP-openjdk-cygwin\jdk8u\hotspot\src\share\vm\classfile\systemDictionary.cpp, line 210]
Event: 34.420 Thread 0x00000000171a1800 Exception <a 'java/lang/ClassNotFoundException': org/gradle/api/internal/DefaultNamedDomainObjectListCustomizer> (0x00000000ec0f26e0) thrown at [D:\src\AOSP-openjdk-cygwin\jdk8u\hotspot\src\share\vm\classfile\systemDictionary.cpp, line 210]
Event: 34.428 Thread 0x00000000171a1800 Exception <a 'java/lang/ClassNotFoundException': org/gradle/api/internal/artifacts/DefaultArtifactRepositoryContainerCustomizer> (0x00000000ec161038) thrown at [D:\src\AOSP-openjdk-cygwin\jdk8u\hotspot\src\share\vm\classfile\systemDictionary.cpp, line 210
Event: 34.448 Thread 0x00000000171a1800 Exception <a 'java/lang/ClassNotFoundException': org/gradle/api/internal/artifacts/dsl/DefaultRepositoryHandlerCustomizer> (0x00000000ec1c2928) thrown at [D:\src\AOSP-openjdk-cygwin\jdk8u\hotspot\src\share\vm\classfile\systemDictionary.cpp, line 210]
Event: 34.461 Thread 0x00000000171a1800 Exception <a 'java/lang/ClassNotFoundException': org/gradle/api/internal/artifacts/dsl/DefaultRepositoryHandler_DecoratedCustomizer> (0x00000000ec22cd98) thrown at [D:\src\AOSP-openjdk-cygwin\jdk8u\hotspot\src\share\vm\classfile\systemDictionary.cpp, line
Event: 37.771 Thread 0x00000000185c0000 Implicit null exception at 0x00000000036bc862 to 0x00000000036bcd69
Event: 38.737 Thread 0x00000000185c0000 Implicit null exception at 0x0000000003acdbbc to 0x0000000003acf8d5
Event: 80.243 Thread 0x00000000171a1800 Implicit null exception at 0x0000000003ee11b9 to 0x0000000003ee1329
Event: 97.783 Thread 0x00000000171a1800 Exception <a 'java/net/SocketTimeoutException': Read timed out> (0x00000000efe21658) thrown at [D:\src\AOSP-openjdk-cygwin\jdk8u\hotspot\src\share\vm\prims\jni.cpp, line 735]

Events (10 events):
Event: 81.112 loading class org/gradle/api/artifacts/cache/ArtifactResolutionControl
Event: 81.112 loading class org/gradle/api/artifacts/cache/ArtifactResolutionControl done
Event: 97.783 loading class sun/net/ConnectionResetException
Event: 97.784 loading class sun/net/ConnectionResetException done
Event: 97.784 loading class javax/net/ssl/SSLProtocolException
Event: 97.784 loading class javax/net/ssl/SSLProtocolException done
Event: 98.267 Thread 0x00000000185c0000 DEOPT PACKING pc=0x0000000003ba9204 sp=0x000000001cf3d6a0
Event: 98.267 Thread 0x00000000185c0000 DEOPT UNPACKING pc=0x00000000032b71d0 sp=0x000000001cf3d368 mode 0
Event: 102.630 Thread 0x00000000171a1800 DEOPT PACKING pc=0x0000000003ad3960 sp=0x000000001957a810
Event: 102.630 Thread 0x00000000171a1800 DEOPT UNPACKING pc=0x00000000032b71d0 sp=0x000000001957a568 mode 0


Dynamic libraries:
0x00007ff6418d0000 - 0x00007ff641901000 	C:\Program Files\Android\Android Studio\jre\bin\java.exe
0x00007ffa06f10000 - 0x00007ffa070f1000 	C:\Windows\SYSTEM32\ntdll.dll
0x00007ffa046e0000 - 0x00007ffa04791000 	C:\Windows\System32\KERNEL32.DLL
0x00007ffa03d80000 - 0x00007ffa03ff3000 	C:\Windows\System32\KERNELBASE.dll
0x00007ffa04400000 - 0x00007ffa044a1000 	C:\Windows\System32\ADVAPI32.dll
0x00007ffa053e0000 - 0x00007ffa0547e000 	C:\Windows\System32\msvcrt.dll
0x00007ffa043a0000 - 0x00007ffa043fb000 	C:\Windows\System32\sechost.dll
0x00007ffa04b70000 - 0x00007ffa04c94000 	C:\Windows\System32\RPCRT4.dll
0x00007ffa04cb0000 - 0x00007ffa04e40000 	C:\Windows\System32\USER32.dll
0x00007ffa03a60000 - 0x00007ffa03a80000 	C:\Windows\System32\win32u.dll
0x00007ffa04ad0000 - 0x00007ffa04af8000 	C:\Windows\System32\GDI32.dll
0x00007ffa03ae0000 - 0x00007ffa03c71000 	C:\Windows\System32\gdi32full.dll
0x00007ffa04000000 - 0x00007ffa0409f000 	C:\Windows\System32\msvcp_win.dll
0x00007ffa03c80000 - 0x00007ffa03d78000 	C:\Windows\System32\ucrtbase.dll
0x00007ff9f8da0000 - 0x00007ff9f9009000 	C:\Windows\WinSxS\amd64_microsoft.windows.common-controls_6595b64144ccf1df_6.0.17134.1006_none_d3fbb8f77c940c3f\COMCTL32.dll
0x00007ffa047a0000 - 0x00007ffa04ac1000 	C:\Windows\System32\combase.dll
0x00007ffa032d0000 - 0x00007ffa03349000 	C:\Windows\System32\bcryptPrimitives.dll
0x00007ffa05480000 - 0x00007ffa054ad000 	C:\Windows\System32\IMM32.DLL
0x00000000679d0000 - 0x0000000067aa2000 	C:\Program Files\Android\Android Studio\jre\jre\bin\msvcr100.dll
0x0000000067b90000 - 0x00000000683d1000 	C:\Program Files\Android\Android Studio\jre\jre\bin\server\jvm.dll
0x00007ffa06ed0000 - 0x00007ffa06ed8000 	C:\Windows\System32\PSAPI.DLL
0x00007ffa00da0000 - 0x00007ffa00dc3000 	C:\Windows\SYSTEM32\WINMM.dll
0x00007ff9fec20000 - 0x00007ff9fec2a000 	C:\Windows\SYSTEM32\VERSION.dll
0x00007ffa00d70000 - 0x00007ffa00d9a000 	C:\Windows\SYSTEM32\WINMMBASE.dll
0x00007ffa04150000 - 0x00007ffa04199000 	C:\Windows\System32\cfgmgr32.dll
0x00007ff9f0730000 - 0x00007ff9f0739000 	C:\Windows\SYSTEM32\WSOCK32.dll
0x00007ffa04b00000 - 0x00007ffa04b6c000 	C:\Windows\System32\WS2_32.dll
0x00007ff9f1b60000 - 0x00007ff9f1b6f000 	C:\Program Files\Android\Android Studio\jre\jre\bin\verify.dll
0x00007ff9f13c0000 - 0x00007ff9f13e9000 	C:\Program Files\Android\Android Studio\jre\jre\bin\java.dll
0x00007ff9edd60000 - 0x00007ff9edd76000 	C:\Program Files\Android\Android Studio\jre\jre\bin\zip.dll
0x00007ffa05630000 - 0x00007ffa06a72000 	C:\Windows\System32\SHELL32.dll
0x00007ffa04630000 - 0x00007ffa046d9000 	C:\Windows\System32\shcore.dll
0x00007ffa03350000 - 0x00007ffa03a5e000 	C:\Windows\System32\windows.storage.dll
0x00007ffa05290000 - 0x00007ffa052e1000 	C:\Windows\System32\shlwapi.dll
0x00007ffa032b0000 - 0x00007ffa032c1000 	C:\Windows\System32\kernel.appcore.dll
0x00007ffa03220000 - 0x00007ffa0323f000 	C:\Windows\System32\profapi.dll
0x00007ffa03260000 - 0x00007ffa032ac000 	C:\Windows\System32\powrprof.dll
0x00007ffa03210000 - 0x00007ffa0321a000 	C:\Windows\System32\FLTLIB.DLL
0x00007ff9edd40000 - 0x00007ff9edd5a000 	C:\Program Files\Android\Android Studio\jre\jre\bin\net.dll
0x00007ffa02a30000 - 0x00007ffa02a96000 	C:\Windows\system32\mswsock.dll
0x00007ff9e7100000 - 0x00007ff9e7111000 	C:\Program Files\Android\Android Studio\jre\jre\bin\nio.dll
0x00007ff9dcae0000 - 0x00007ff9dcafe000 	C:\Users\LENOVO\.gradle\native\25\windows-amd64\native-platform.dll
0x00007ff9f13b0000 - 0x00007ff9f13bd000 	C:\Program Files\Android\Android Studio\jre\jre\bin\management.dll
0x00007ffa02be0000 - 0x00007ffa02bf7000 	C:\Windows\SYSTEM32\CRYPTSP.dll
0x00007ffa025e0000 - 0x00007ffa02613000 	C:\Windows\system32\rsaenh.dll
0x00007ffa02d10000 - 0x00007ffa02d35000 	C:\Windows\SYSTEM32\bcrypt.dll
0x00007ffa03110000 - 0x00007ffa03138000 	C:\Windows\SYSTEM32\USERENV.dll
0x00007ffa02c00000 - 0x00007ffa02c0b000 	C:\Windows\SYSTEM32\CRYPTBASE.dll
0x00007ffa02780000 - 0x00007ffa027b8000 	C:\Windows\SYSTEM32\IPHLPAPI.DLL
0x00007ffa04ca0000 - 0x00007ffa04ca8000 	C:\Windows\System32\NSI.dll
0x00007ff9fbfb0000 - 0x00007ff9fbfc6000 	C:\Windows\SYSTEM32\dhcpcsvc6.DLL
0x00007ff9fbf90000 - 0x00007ff9fbfaa000 	C:\Windows\SYSTEM32\dhcpcsvc.DLL
0x00007ff9e05b0000 - 0x00007ff9e05d4000 	C:\Program Files\Android\Android Studio\jre\jre\bin\sunec.dll
0x00007ffa027c0000 - 0x00007ffa0287e000 	C:\Windows\SYSTEM32\DNSAPI.dll
0x00000000687f0000 - 0x0000000068816000 	C:\Program Files\Bonjour\mdnsNSP.dll
0x00007ff9f96f0000 - 0x00007ff9f96fa000 	C:\Windows\System32\rasadhlp.dll
0x00007ff9fa360000 - 0x00007ff9fa3d2000 	C:\Windows\System32\fwpuclnt.dll
0x00007ff9edd30000 - 0x00007ff9edd3b000 	C:\Program Files\Android\Android Studio\jre\jre\bin\sunmscapi.dll
0x00007ffa041a0000 - 0x00007ffa04382000 	C:\Windows\System32\CRYPT32.dll
0x00007ffa03240000 - 0x00007ffa03252000 	C:\Windows\System32\MSASN1.dll

VM Arguments:
jvm_args: -Xmx1024m -Dfile.encoding=windows-1252 -Duser.country=US -Duser.language=en -Duser.variant 
java_command: org.gradle.launcher.daemon.bootstrap.GradleDaemon 4.6
java_class_path (initial): C:\Users\LENOVO\.gradle\wrapper\dists\gradle-4.6-all\bcst21l2brirad8k2ben1letg\gradle-4.6\lib\gradle-launcher-4.6.jar
Launcher Type: SUN_STANDARD

Environment Variables:
JAVA_HOME=C:\Program Files\Android\Android Studio\jre
CLASSPATH=.;
PATH=C:\Python27\;C:\Python27\Scripts;C:\Windows\system32;C:\Windows;C:\Windows\System32\Wbem;C:\Windows\System32\WindowsPowerShell\v1.0\;C:\Windows\System32\OpenSSH\;C:\Program Files\PuTTY\;C:\ProgramData\chocolatey\bin;C:\Program Files\nodejs\;C:\Program Files\Java\jdk1.8.0_201\bin;C:\Users\LENOVO\AppData\Local\Android\Sdk\platform-tools;C:\Program Files\Git\cmd;C:\Program Files\Git\mingw64\bin;C:\Program Files\Git\usr\bin;C:\flutter\bin;C:\Users\LENOVO\AppData\Local\Programs\Python\Python37\Scripts\;C:\Users\LENOVO\AppData\Local\Programs\Python\Python37\;C:\Users\LENOVO\AppData\Local\Microsoft\WindowsApps;C:\Users\LENOVO\AppData\Local\Programs\Microsoft VS Code\bin;C:\Users\LENOVO\AppData\Roaming\npm;C:\Users\LENOVO\AppData\Local\Android\Sdk\platform-tools;C:\Python27\Scripts;C:\Python27;C:\flutter\bin;
USERNAME=LENOVO
OS=Windows_NT
PROCESSOR_IDENTIFIER=AMD64 Family 21 Model 112 Stepping 0, AuthenticAMD



---------------  S Y S T E M  ---------------

OS: Windows 10.0 , 64 bit Build 17134 (10.0.17134.753)

CPU:total 2 (initial active 2) (2 cores per cpu, 1 threads per core) family 21 model 112 stepping 0, cmov, cx8, fxsr, mmx, sse, sse2, sse3, ssse3, sse4.1, sse4.2, popcnt, avx, avx2, aes, clmul, mmxext, 3dnowpref, lzcnt, sse4a, tsc, tscinvbit, tscinv, bmi1

Memory: 4k page, physical 3555228k(256036k free), swap 14565276k(0k free)

vm_info: OpenJDK 64-Bit Server VM (25.152-b01) for windows-amd64 JRE (1.8.0_152-release-1343-b01), built by "builder" with MS VC++ 10.0 (VS2010)

time: Mon Sep 23 13:14:07 2019
elapsed time: 1022 seconds (0d 0h 17m 2s)

